<?xml version="1.0" encoding="UTF-8"?>
<beans xmlns="http://www.springframework.org/schema/beans" xmlns:xsi="http://www.w3.org/2001/XMLSchema-instance"

    xsi:schemaLocation="
                http://www.springframework.org/schema/beans http://www.springframework.org/schema/beans/spring-beans-3.0.xsd">

    <!-- use a NON-async version of an UserChangeEventService for tests -->
    <bean id="userChangeEventService" class="org.opentestsystem.delivery.testreg.service.impl.UserChangeEventServiceImpl"/>

</beans>
