<?xml version="1.0" encoding="UTF-8"?>
<beans xmlns="http://www.springframework.org/schema/beans" xmlns:mongo="http://www.springframework.org/schema/data/mongo" xmlns:xsi="http://www.w3.org/2001/XMLSchema-instance"
       xmlns:context="http://www.springframework.org/schema/context"
       xmlns:aop="http://www.springframework.org/schema/aop"
       xmlns:int="http://www.springframework.org/schema/integration"
    xsi:schemaLocation="
                http://www.springframework.org/schema/beans http://www.springframework.org/schema/beans/spring-beans-3.0.xsd
                http://www.springframework.org/schema/data/mongo http://www.springframework.org/schema/data/mongo/spring-mongo-1.1.xsd
                http://www.springframework.org/schema/context http://www.springframework.org/schema/context/spring-context.xsd
                http://www.springframework.org/schema/aop http://www.springframework.org/schema/aop/spring-aop.xsd
                http://www.springframework.org/schema/integration http://www.springframework.org/schema/integration/spring-integration-3.0.xsd">

    <bean id="dwMultiPropertyConfigurer" class="org.springframework.context.support.PropertySourcesPlaceholderConfigurer">
        <!-- this allows for missing resources files, specifically the ones defined in env vars -->
        <property name="ignoreResourceNotFound" value="true"/>
        <!-- this allows blank entries  in the specified .properties files -->
        <property name="ignoreUnresolvablePlaceholders" value="true"/>
        <property name="locations">
            <list>
                <value>classpath:dw-multi.properties</value>
            </list>
        </property>
    </bean>
    
    <aop:aspectj-autoproxy proxy-target-class="false"/>
    <context:annotation-config/>
    <context:component-scan base-package="org.opentestsystem.delivery.testreg.transformer.domain"/>
    
    <bean id="taskExecutor" class="org.springframework.scheduling.concurrent.ThreadPoolTaskExecutor">
        <property name="corePoolSize" value="10" />
        <property name="maxPoolSize" value="10" />
        <property name="WaitForTasksToCompleteOnShutdown" value="false" />
    </bean>

</beans>
